[0.012s] Invoking command in '/home/aleksander/fake_sensors/src/build/fake_sensors': CMAKE_PREFIX_PATH=${CMAKE_PREFIX_PATH}:/opt/ros/jazzy DEBUGINFOD_URLS=https://debuginfod.ubuntu.com /usr/bin/cmake /home/aleksander/fake_sensors/src/fake_sensors -DCMAKE_INSTALL_PREFIX=/home/aleksander/fake_sensors/src/install/fake_sensors
[0.078s] -- The C compiler identification is GNU 13.2.0
[0.170s] -- The CXX compiler identification is GNU 13.2.0
[0.219s] -- Detecting C compiler ABI info
[0.442s] -- Detecting C compiler ABI info - done
[0.453s] -- Check for working C compiler: /usr/bin/cc - skipped
[0.454s] -- Detecting C compile features
[0.454s] -- Detecting C compile features - done
[0.482s] -- Detecting CXX compiler ABI info
[0.661s] -- Detecting CXX compiler ABI info - done
[0.675s] -- Check for working CXX compiler: /usr/bin/c++ - skipped
[0.675s] -- Detecting CXX compile features
[0.675s] -- Detecting CXX compile features - done
[0.676s] -- Found ament_cmake: 2.5.2 (/opt/ros/jazzy/share/ament_cmake/cmake)
[0.853s] -- Found Python3: /usr/bin/python3 (found version "3.12.3") found components: Interpreter 
[0.973s] -- Found rclcpp: 28.1.5 (/opt/ros/jazzy/share/rclcpp/cmake)
[1.011s] -- Found rosidl_generator_c: 4.6.4 (/opt/ros/jazzy/share/rosidl_generator_c/cmake)
[1.025s] -- Found rosidl_generator_cpp: 4.6.4 (/opt/ros/jazzy/share/rosidl_generator_cpp/cmake)
[1.041s] -- Using all available rosidl_typesupport_c: rosidl_typesupport_fastrtps_c;rosidl_typesupport_introspection_c
[1.061s] -- Using all available rosidl_typesupport_cpp: rosidl_typesupport_fastrtps_cpp;rosidl_typesupport_introspection_cpp
[1.150s] -- Found rmw_implementation_cmake: 7.3.1 (/opt/ros/jazzy/share/rmw_implementation_cmake/cmake)
[1.152s] -- Found rmw_fastrtps_cpp: 8.4.1 (/opt/ros/jazzy/share/rmw_fastrtps_cpp/cmake)
[1.300s] -- Found OpenSSL: /usr/lib/x86_64-linux-gnu/libcrypto.so (found version "3.0.13")  
[1.327s] -- Found FastRTPS: /opt/ros/jazzy/include (Required is at least version "2.13") 
[1.375s] -- Using RMW implementation 'rmw_fastrtps_cpp' as default
[1.482s] -- Found sensor_msgs: 5.3.5 (/opt/ros/jazzy/share/sensor_msgs/cmake)
[1.559s] -- Found ament_lint_auto: 0.17.1 (/opt/ros/jazzy/share/ament_lint_auto/cmake)
[1.698s] -- Added test 'cppcheck' to perform static code analysis on C / C++ code
[1.698s] -- Configured cppcheck include dirs: $<BUILD_INTERFACE:/home/aleksander/fake_sensors/src/fake_sensors/include>
[1.699s] -- Configured cppcheck exclude dirs and/or files: 
[1.700s] -- Added test 'lint_cmake' to check CMake code style
[1.700s] -- Added test 'uncrustify' to check C / C++ code style
[1.700s] -- Configured uncrustify additional arguments: 
[1.701s] -- Added test 'xmllint' to check XML markup files
[1.703s] -- Configuring done (1.7s)
[1.717s] -- Generating done (0.0s)
[1.726s] -- Build files have been written to: /home/aleksander/fake_sensors/src/build/fake_sensors
[1.738s] Invoked command in '/home/aleksander/fake_sensors/src/build/fake_sensors' returned '0': CMAKE_PREFIX_PATH=${CMAKE_PREFIX_PATH}:/opt/ros/jazzy DEBUGINFOD_URLS=https://debuginfod.ubuntu.com /usr/bin/cmake /home/aleksander/fake_sensors/src/fake_sensors -DCMAKE_INSTALL_PREFIX=/home/aleksander/fake_sensors/src/install/fake_sensors
[1.740s] Invoking command in '/home/aleksander/fake_sensors/src/build/fake_sensors': CMAKE_PREFIX_PATH=${CMAKE_PREFIX_PATH}:/opt/ros/jazzy DEBUGINFOD_URLS=https://debuginfod.ubuntu.com /usr/bin/cmake --build /home/aleksander/fake_sensors/src/build/fake_sensors -- -j8 -l8
[1.878s] [ 50%] [32mBuilding CXX object CMakeFiles/fake_lidar.dir/src/fake_lidar.cpp.o[0m
[8.067s] [100%] [32m[1mLinking CXX executable fake_lidar[0m
[8.371s] [100%] Built target fake_lidar
[8.391s] Invoked command in '/home/aleksander/fake_sensors/src/build/fake_sensors' returned '0': CMAKE_PREFIX_PATH=${CMAKE_PREFIX_PATH}:/opt/ros/jazzy DEBUGINFOD_URLS=https://debuginfod.ubuntu.com /usr/bin/cmake --build /home/aleksander/fake_sensors/src/build/fake_sensors -- -j8 -l8
[8.464s] Invoking command in '/home/aleksander/fake_sensors/src/build/fake_sensors': CMAKE_PREFIX_PATH=${CMAKE_PREFIX_PATH}:/opt/ros/jazzy DEBUGINFOD_URLS=https://debuginfod.ubuntu.com /usr/bin/cmake --install /home/aleksander/fake_sensors/src/build/fake_sensors
[8.477s] -- Install configuration: ""
[8.477s] -- Installing: /home/aleksander/fake_sensors/src/install/fake_sensors/lib/fake_sensors/fake_lidar
[8.477s] -- Set non-toolchain portion of runtime path of "/home/aleksander/fake_sensors/src/install/fake_sensors/lib/fake_sensors/fake_lidar" to ""
[8.477s] -- Installing: /home/aleksander/fake_sensors/src/install/fake_sensors/share/ament_index/resource_index/package_run_dependencies/fake_sensors
[8.477s] -- Installing: /home/aleksander/fake_sensors/src/install/fake_sensors/share/ament_index/resource_index/parent_prefix_path/fake_sensors
[8.477s] -- Installing: /home/aleksander/fake_sensors/src/install/fake_sensors/share/fake_sensors/environment/ament_prefix_path.sh
[8.478s] -- Installing: /home/aleksander/fake_sensors/src/install/fake_sensors/share/fake_sensors/environment/ament_prefix_path.dsv
[8.478s] -- Installing: /home/aleksander/fake_sensors/src/install/fake_sensors/share/fake_sensors/environment/path.sh
[8.478s] -- Installing: /home/aleksander/fake_sensors/src/install/fake_sensors/share/fake_sensors/environment/path.dsv
[8.478s] -- Installing: /home/aleksander/fake_sensors/src/install/fake_sensors/share/fake_sensors/local_setup.bash
[8.478s] -- Installing: /home/aleksander/fake_sensors/src/install/fake_sensors/share/fake_sensors/local_setup.sh
[8.478s] -- Installing: /home/aleksander/fake_sensors/src/install/fake_sensors/share/fake_sensors/local_setup.zsh
[8.478s] -- Installing: /home/aleksander/fake_sensors/src/install/fake_sensors/share/fake_sensors/local_setup.dsv
[8.478s] -- Installing: /home/aleksander/fake_sensors/src/install/fake_sensors/share/fake_sensors/package.dsv
[8.478s] -- Installing: /home/aleksander/fake_sensors/src/install/fake_sensors/share/ament_index/resource_index/packages/fake_sensors
[8.478s] -- Installing: /home/aleksander/fake_sensors/src/install/fake_sensors/share/fake_sensors/cmake/fake_sensorsConfig.cmake
[8.478s] -- Installing: /home/aleksander/fake_sensors/src/install/fake_sensors/share/fake_sensors/cmake/fake_sensorsConfig-version.cmake
[8.478s] -- Installing: /home/aleksander/fake_sensors/src/install/fake_sensors/share/fake_sensors/package.xml
[8.482s] Invoked command in '/home/aleksander/fake_sensors/src/build/fake_sensors' returned '0': CMAKE_PREFIX_PATH=${CMAKE_PREFIX_PATH}:/opt/ros/jazzy DEBUGINFOD_URLS=https://debuginfod.ubuntu.com /usr/bin/cmake --install /home/aleksander/fake_sensors/src/build/fake_sensors
