[0.020s] Invoking command in '/home/aleksander/fake_sensors/build/fake_sensors': CMAKE_PREFIX_PATH=${CMAKE_PREFIX_PATH}:/opt/ros/jazzy DEBUGINFOD_URLS=https://debuginfod.ubuntu.com /usr/bin/cmake /home/aleksander/fake_sensors/src/fake_sensors -DCMAKE_INSTALL_PREFIX=/home/aleksander/fake_sensors/install/fake_sensors
[0.434s] -- The C compiler identification is GNU 13.2.0
[0.689s] -- The CXX compiler identification is GNU 13.2.0
[0.734s] -- Detecting C compiler ABI info
[0.929s] -- Detecting C compiler ABI info - done
[0.940s] -- Check for working C compiler: /usr/bin/cc - skipped
[0.942s] -- Detecting C compile features
[0.946s] -- Detecting C compile features - done
[0.966s] -- Detecting CXX compiler ABI info
[1.168s] -- Detecting CXX compiler ABI info - done
[1.179s] -- Check for working CXX compiler: /usr/bin/c++ - skipped
[1.179s] -- Detecting CXX compile features
[1.179s] -- Detecting CXX compile features - done
[1.201s] -- Found ament_cmake: 2.5.2 (/opt/ros/jazzy/share/ament_cmake/cmake)
[1.423s] -- Found Python3: /usr/bin/python3 (found version "3.12.3") found components: Interpreter 
[1.647s] -- Found rclcpp: 28.1.5 (/opt/ros/jazzy/share/rclcpp/cmake)
[1.749s] -- Found rosidl_generator_c: 4.6.4 (/opt/ros/jazzy/share/rosidl_generator_c/cmake)
[1.780s] -- Found rosidl_generator_cpp: 4.6.4 (/opt/ros/jazzy/share/rosidl_generator_cpp/cmake)
[1.820s] -- Using all available rosidl_typesupport_c: rosidl_typesupport_fastrtps_c;rosidl_typesupport_introspection_c
[1.866s] -- Using all available rosidl_typesupport_cpp: rosidl_typesupport_fastrtps_cpp;rosidl_typesupport_introspection_cpp
[2.077s] -- Found rmw_implementation_cmake: 7.3.1 (/opt/ros/jazzy/share/rmw_implementation_cmake/cmake)
[2.087s] -- Found rmw_fastrtps_cpp: 8.4.1 (/opt/ros/jazzy/share/rmw_fastrtps_cpp/cmake)
[2.316s] -- Found OpenSSL: /usr/lib/x86_64-linux-gnu/libcrypto.so (found version "3.0.13")  
[2.344s] -- Found FastRTPS: /opt/ros/jazzy/include (Required is at least version "2.13") 
[2.373s] -- Using RMW implementation 'rmw_fastrtps_cpp' as default
[2.533s] -- Found sensor_msgs: 5.3.5 (/opt/ros/jazzy/share/sensor_msgs/cmake)
[2.676s] -- Found ament_lint_auto: 0.17.1 (/opt/ros/jazzy/share/ament_lint_auto/cmake)
[2.835s] -- Added test 'cppcheck' to perform static code analysis on C / C++ code
[2.836s] -- Configured cppcheck include dirs: $<BUILD_INTERFACE:/home/aleksander/fake_sensors/src/fake_sensors/include>
[2.836s] -- Configured cppcheck exclude dirs and/or files: 
[2.840s] -- Added test 'lint_cmake' to check CMake code style
[2.845s] -- Added test 'uncrustify' to check C / C++ code style
[2.845s] -- Configured uncrustify additional arguments: 
[2.845s] -- Added test 'xmllint' to check XML markup files
[2.853s] -- Configuring done (2.8s)
[2.871s] -- Generating done (0.0s)
[2.873s] -- Build files have been written to: /home/aleksander/fake_sensors/build/fake_sensors
[2.889s] Invoked command in '/home/aleksander/fake_sensors/build/fake_sensors' returned '0': CMAKE_PREFIX_PATH=${CMAKE_PREFIX_PATH}:/opt/ros/jazzy DEBUGINFOD_URLS=https://debuginfod.ubuntu.com /usr/bin/cmake /home/aleksander/fake_sensors/src/fake_sensors -DCMAKE_INSTALL_PREFIX=/home/aleksander/fake_sensors/install/fake_sensors
[2.890s] Invoking command in '/home/aleksander/fake_sensors/build/fake_sensors': CMAKE_PREFIX_PATH=${CMAKE_PREFIX_PATH}:/opt/ros/jazzy DEBUGINFOD_URLS=https://debuginfod.ubuntu.com /usr/bin/cmake --build /home/aleksander/fake_sensors/build/fake_sensors -- -j8 -l8
[3.003s] [ 50%] [32mBuilding CXX object CMakeFiles/fake_lidar.dir/src/fake_lidar.cpp.o[0m
[10.716s] [100%] [32m[1mLinking CXX executable fake_lidar[0m
[11.246s] [100%] Built target fake_lidar
[11.263s] Invoked command in '/home/aleksander/fake_sensors/build/fake_sensors' returned '0': CMAKE_PREFIX_PATH=${CMAKE_PREFIX_PATH}:/opt/ros/jazzy DEBUGINFOD_URLS=https://debuginfod.ubuntu.com /usr/bin/cmake --build /home/aleksander/fake_sensors/build/fake_sensors -- -j8 -l8
[11.335s] Invoking command in '/home/aleksander/fake_sensors/build/fake_sensors': CMAKE_PREFIX_PATH=${CMAKE_PREFIX_PATH}:/opt/ros/jazzy DEBUGINFOD_URLS=https://debuginfod.ubuntu.com /usr/bin/cmake --install /home/aleksander/fake_sensors/build/fake_sensors
[11.347s] -- Install configuration: ""
[11.347s] -- Installing: /home/aleksander/fake_sensors/install/fake_sensors/lib/fake_sensors/fake_lidar
[11.349s] -- Set non-toolchain portion of runtime path of "/home/aleksander/fake_sensors/install/fake_sensors/lib/fake_sensors/fake_lidar" to ""
[11.349s] -- Installing: /home/aleksander/fake_sensors/install/fake_sensors/share/ament_index/resource_index/package_run_dependencies/fake_sensors
[11.349s] -- Installing: /home/aleksander/fake_sensors/install/fake_sensors/share/ament_index/resource_index/parent_prefix_path/fake_sensors
[11.349s] -- Installing: /home/aleksander/fake_sensors/install/fake_sensors/share/fake_sensors/environment/ament_prefix_path.sh
[11.351s] -- Installing: /home/aleksander/fake_sensors/install/fake_sensors/share/fake_sensors/environment/ament_prefix_path.dsv
[11.352s] -- Installing: /home/aleksander/fake_sensors/install/fake_sensors/share/fake_sensors/environment/path.sh
[11.352s] -- Installing: /home/aleksander/fake_sensors/install/fake_sensors/share/fake_sensors/environment/path.dsv
[11.352s] -- Installing: /home/aleksander/fake_sensors/install/fake_sensors/share/fake_sensors/local_setup.bash
[11.352s] -- Installing: /home/aleksander/fake_sensors/install/fake_sensors/share/fake_sensors/local_setup.sh
[11.352s] -- Installing: /home/aleksander/fake_sensors/install/fake_sensors/share/fake_sensors/local_setup.zsh
[11.352s] -- Installing: /home/aleksander/fake_sensors/install/fake_sensors/share/fake_sensors/local_setup.dsv
[11.352s] -- Installing: /home/aleksander/fake_sensors/install/fake_sensors/share/fake_sensors/package.dsv
[11.352s] -- Installing: /home/aleksander/fake_sensors/install/fake_sensors/share/ament_index/resource_index/packages/fake_sensors
[11.352s] -- Installing: /home/aleksander/fake_sensors/install/fake_sensors/share/fake_sensors/cmake/fake_sensorsConfig.cmake
[11.352s] -- Installing: /home/aleksander/fake_sensors/install/fake_sensors/share/fake_sensors/cmake/fake_sensorsConfig-version.cmake
[11.352s] -- Installing: /home/aleksander/fake_sensors/install/fake_sensors/share/fake_sensors/package.xml
[11.354s] Invoked command in '/home/aleksander/fake_sensors/build/fake_sensors' returned '0': CMAKE_PREFIX_PATH=${CMAKE_PREFIX_PATH}:/opt/ros/jazzy DEBUGINFOD_URLS=https://debuginfod.ubuntu.com /usr/bin/cmake --install /home/aleksander/fake_sensors/build/fake_sensors
